<?xml version="1.0" encoding="UTF-8"?>
<testsuite xmlns:xsi="http://www.w3.org/2001/XMLSchema-instance" xsi:noNamespaceSchemaLocation="https://maven.apache.org/surefire/maven-surefire-plugin/xsd/surefire-test-report.xsd" name="com.syoki.nacosprovider.NacosProviderApplicationTests" time="52.052" tests="1" errors="0" skipped="0" failures="0">
  <properties>
    <property name="sun.desktop" value="windows"/>
    <property name="awt.toolkit" value="sun.awt.windows.WToolkit"/>
    <property name="file.encoding.pkg" value="sun.io"/>
    <property name="java.specification.version" value="1.8"/>
    <property name="sun.cpu.isalist" value="amd64"/>
    <property name="sun.jnu.encoding" value="GBK"/>
    <property name="java.class.path" value="E:\IdeaProjects\springcloud-nacos\nacos-provider\target\test-classes;E:\IdeaProjects\springcloud-nacos\nacos-provider\target\classes;D:\Program\apache-maven-3.6.0\repository\org\springframework\boot\spring-boot-starter-web\2.2.10.BUILD-SNAPSHOT\spring-boot-starter-web-2.2.10.BUILD-SNAPSHOT.jar;D:\Program\apache-maven-3.6.0\repository\org\springframework\boot\spring-boot-starter\2.2.10.BUILD-SNAPSHOT\spring-boot-starter-2.2.10.BUILD-SNAPSHOT.jar;D:\Program\apache-maven-3.6.0\repository\org\springframework\boot\spring-boot\2.2.10.BUILD-SNAPSHOT\spring-boot-2.2.10.BUILD-SNAPSHOT.jar;D:\Program\apache-maven-3.6.0\repository\org\springframework\boot\spring-boot-autoconfigure\2.2.10.BUILD-SNAPSHOT\spring-boot-autoconfigure-2.2.10.BUILD-SNAPSHOT.jar;D:\Program\apache-maven-3.6.0\repository\org\springframework\boot\spring-boot-starter-logging\2.2.10.BUILD-SNAPSHOT\spring-boot-starter-logging-2.2.10.BUILD-SNAPSHOT.jar;D:\Program\apache-maven-3.6.0\repository\ch\qos\logback\logback-classic\1.2.3\logback-classic-1.2.3.jar;D:\Program\apache-maven-3.6.0\repository\ch\qos\logback\logback-core\1.2.3\logback-core-1.2.3.jar;D:\Program\apache-maven-3.6.0\repository\org\apache\logging\log4j\log4j-to-slf4j\2.12.1\log4j-to-slf4j-2.12.1.jar;D:\Program\apache-maven-3.6.0\repository\org\apache\logging\log4j\log4j-api\2.12.1\log4j-api-2.12.1.jar;D:\Program\apache-maven-3.6.0\repository\org\slf4j\jul-to-slf4j\1.7.30\jul-to-slf4j-1.7.30.jar;D:\Program\apache-maven-3.6.0\repository\jakarta\annotation\jakarta.annotation-api\1.3.5\jakarta.annotation-api-1.3.5.jar;D:\Program\apache-maven-3.6.0\repository\org\yaml\snakeyaml\1.25\snakeyaml-1.25.jar;D:\Program\apache-maven-3.6.0\repository\org\springframework\boot\spring-boot-starter-json\2.2.10.BUILD-SNAPSHOT\spring-boot-starter-json-2.2.10.BUILD-SNAPSHOT.jar;D:\Program\apache-maven-3.6.0\repository\com\fasterxml\jackson\core\jackson-databind\2.10.5\jackson-databind-2.10.5.jar;D:\Program\apache-maven-3.6.0\repository\com\fasterxml\jackson\core\jackson-annotations\2.10.5\jackson-annotations-2.10.5.jar;D:\Program\apache-maven-3.6.0\repository\com\fasterxml\jackson\datatype\jackson-datatype-jdk8\2.10.5\jackson-datatype-jdk8-2.10.5.jar;D:\Program\apache-maven-3.6.0\repository\com\fasterxml\jackson\datatype\jackson-datatype-jsr310\2.10.5\jackson-datatype-jsr310-2.10.5.jar;D:\Program\apache-maven-3.6.0\repository\com\fasterxml\jackson\module\jackson-module-parameter-names\2.10.5\jackson-module-parameter-names-2.10.5.jar;D:\Program\apache-maven-3.6.0\repository\org\springframework\boot\spring-boot-starter-tomcat\2.2.10.BUILD-SNAPSHOT\spring-boot-starter-tomcat-2.2.10.BUILD-SNAPSHOT.jar;D:\Program\apache-maven-3.6.0\repository\org\apache\tomcat\embed\tomcat-embed-core\9.0.37\tomcat-embed-core-9.0.37.jar;D:\Program\apache-maven-3.6.0\repository\org\apache\tomcat\embed\tomcat-embed-el\9.0.37\tomcat-embed-el-9.0.37.jar;D:\Program\apache-maven-3.6.0\repository\org\apache\tomcat\embed\tomcat-embed-websocket\9.0.37\tomcat-embed-websocket-9.0.37.jar;D:\Program\apache-maven-3.6.0\repository\org\springframework\boot\spring-boot-starter-validation\2.2.10.BUILD-SNAPSHOT\spring-boot-starter-validation-2.2.10.BUILD-SNAPSHOT.jar;D:\Program\apache-maven-3.6.0\repository\jakarta\validation\jakarta.validation-api\2.0.2\jakarta.validation-api-2.0.2.jar;D:\Program\apache-maven-3.6.0\repository\org\hibernate\validator\hibernate-validator\6.0.20.Final\hibernate-validator-6.0.20.Final.jar;D:\Program\apache-maven-3.6.0\repository\org\jboss\logging\jboss-logging\3.4.1.Final\jboss-logging-3.4.1.Final.jar;D:\Program\apache-maven-3.6.0\repository\com\fasterxml\classmate\1.5.1\classmate-1.5.1.jar;D:\Program\apache-maven-3.6.0\repository\org\springframework\spring-web\5.2.8.RELEASE\spring-web-5.2.8.RELEASE.jar;D:\Program\apache-maven-3.6.0\repository\org\springframework\spring-beans\5.2.8.RELEASE\spring-beans-5.2.8.RELEASE.jar;D:\Program\apache-maven-3.6.0\repository\org\springframework\spring-webmvc\5.2.8.RELEASE\spring-webmvc-5.2.8.RELEASE.jar;D:\Program\apache-maven-3.6.0\repository\org\springframework\spring-aop\5.2.8.RELEASE\spring-aop-5.2.8.RELEASE.jar;D:\Program\apache-maven-3.6.0\repository\org\springframework\spring-context\5.2.8.RELEASE\spring-context-5.2.8.RELEASE.jar;D:\Program\apache-maven-3.6.0\repository\org\springframework\spring-expression\5.2.8.RELEASE\spring-expression-5.2.8.RELEASE.jar;D:\Program\apache-maven-3.6.0\repository\com\alibaba\cloud\spring-cloud-starter-alibaba-nacos-discovery\2.2.1.RELEASE\spring-cloud-starter-alibaba-nacos-discovery-2.2.1.RELEASE.jar;D:\Program\apache-maven-3.6.0\repository\com\alibaba\nacos\nacos-client\1.2.1\nacos-client-1.2.1.jar;D:\Program\apache-maven-3.6.0\repository\com\alibaba\nacos\nacos-common\1.2.1\nacos-common-1.2.1.jar;D:\Program\apache-maven-3.6.0\repository\commons-io\commons-io\2.2\commons-io-2.2.jar;D:\Program\apache-maven-3.6.0\repository\org\apache\commons\commons-lang3\3.9\commons-lang3-3.9.jar;D:\Program\apache-maven-3.6.0\repository\com\alibaba\nacos\nacos-api\1.2.1\nacos-api-1.2.1.jar;D:\Program\apache-maven-3.6.0\repository\com\alibaba\fastjson\1.2.58\fastjson-1.2.58.jar;D:\Program\apache-maven-3.6.0\repository\com\google\guava\guava\22.0\guava-22.0.jar;D:\Program\apache-maven-3.6.0\repository\com\google\code\findbugs\jsr305\1.3.9\jsr305-1.3.9.jar;D:\Program\apache-maven-3.6.0\repository\com\google\errorprone\error_prone_annotations\2.0.18\error_prone_annotations-2.0.18.jar;D:\Program\apache-maven-3.6.0\repository\com\google\j2objc\j2objc-annotations\1.1\j2objc-annotations-1.1.jar;D:\Program\apache-maven-3.6.0\repository\org\codehaus\mojo\animal-sniffer-annotations\1.14\animal-sniffer-annotations-1.14.jar;D:\Program\apache-maven-3.6.0\repository\commons-codec\commons-codec\1.13\commons-codec-1.13.jar;D:\Program\apache-maven-3.6.0\repository\com\fasterxml\jackson\core\jackson-core\2.10.5\jackson-core-2.10.5.jar;D:\Program\apache-maven-3.6.0\repository\io\prometheus\simpleclient\0.5.0\simpleclient-0.5.0.jar;D:\Program\apache-maven-3.6.0\repository\com\alibaba\spring\spring-context-support\1.0.6\spring-context-support-1.0.6.jar;D:\Program\apache-maven-3.6.0\repository\org\springframework\cloud\spring-cloud-commons\2.2.2.RELEASE\spring-cloud-commons-2.2.2.RELEASE.jar;D:\Program\apache-maven-3.6.0\repository\org\springframework\security\spring-security-crypto\5.2.5.RELEASE\spring-security-crypto-5.2.5.RELEASE.jar;D:\Program\apache-maven-3.6.0\repository\org\springframework\cloud\spring-cloud-context\2.2.2.RELEASE\spring-cloud-context-2.2.2.RELEASE.jar;D:\Program\apache-maven-3.6.0\repository\org\springframework\cloud\spring-cloud-starter-netflix-ribbon\2.2.2.RELEASE\spring-cloud-starter-netflix-ribbon-2.2.2.RELEASE.jar;D:\Program\apache-maven-3.6.0\repository\org\springframework\cloud\spring-cloud-starter\2.2.2.RELEASE\spring-cloud-starter-2.2.2.RELEASE.jar;D:\Program\apache-maven-3.6.0\repository\org\springframework\security\spring-security-rsa\1.0.9.RELEASE\spring-security-rsa-1.0.9.RELEASE.jar;D:\Program\apache-maven-3.6.0\repository\org\bouncycastle\bcpkix-jdk15on\1.64\bcpkix-jdk15on-1.64.jar;D:\Program\apache-maven-3.6.0\repository\org\bouncycastle\bcprov-jdk15on\1.64\bcprov-jdk15on-1.64.jar;D:\Program\apache-maven-3.6.0\repository\org\springframework\cloud\spring-cloud-netflix-ribbon\2.2.2.RELEASE\spring-cloud-netflix-ribbon-2.2.2.RELEASE.jar;D:\Program\apache-maven-3.6.0\repository\org\springframework\cloud\spring-cloud-netflix-archaius\2.2.2.RELEASE\spring-cloud-netflix-archaius-2.2.2.RELEASE.jar;D:\Program\apache-maven-3.6.0\repository\org\springframework\cloud\spring-cloud-starter-netflix-archaius\2.2.2.RELEASE\spring-cloud-starter-netflix-archaius-2.2.2.RELEASE.jar;D:\Program\apache-maven-3.6.0\repository\com\netflix\archaius\archaius-core\0.7.6\archaius-core-0.7.6.jar;D:\Program\apache-maven-3.6.0\repository\commons-configuration\commons-configuration\1.8\commons-configuration-1.8.jar;D:\Program\apache-maven-3.6.0\repository\com\netflix\ribbon\ribbon\2.3.0\ribbon-2.3.0.jar;D:\Program\apache-maven-3.6.0\repository\com\netflix\ribbon\ribbon-transport\2.3.0\ribbon-transport-2.3.0.jar;D:\Program\apache-maven-3.6.0\repository\io\reactivex\rxnetty-contexts\0.4.9\rxnetty-contexts-0.4.9.jar;D:\Program\apache-maven-3.6.0\repository\io\reactivex\rxnetty-servo\0.4.9\rxnetty-servo-0.4.9.jar;D:\Program\apache-maven-3.6.0\repository\com\netflix\hystrix\hystrix-core\1.4.3\hystrix-core-1.4.3.jar;D:\Program\apache-maven-3.6.0\repository\javax\inject\javax.inject\1\javax.inject-1.jar;D:\Program\apache-maven-3.6.0\repository\io\reactivex\rxnetty\0.4.9\rxnetty-0.4.9.jar;D:\Program\apache-maven-3.6.0\repository\com\netflix\ribbon\ribbon-core\2.3.0\ribbon-core-2.3.0.jar;D:\Program\apache-maven-3.6.0\repository\commons-lang\commons-lang\2.6\commons-lang-2.6.jar;D:\Program\apache-maven-3.6.0\repository\com\netflix\ribbon\ribbon-httpclient\2.3.0\ribbon-httpclient-2.3.0.jar;D:\Program\apache-maven-3.6.0\repository\commons-collections\commons-collections\3.2.2\commons-collections-3.2.2.jar;D:\Program\apache-maven-3.6.0\repository\org\apache\httpcomponents\httpclient\4.5.12\httpclient-4.5.12.jar;D:\Program\apache-maven-3.6.0\repository\org\apache\httpcomponents\httpcore\4.4.13\httpcore-4.4.13.jar;D:\Program\apache-maven-3.6.0\repository\com\sun\jersey\jersey-client\1.19.1\jersey-client-1.19.1.jar;D:\Program\apache-maven-3.6.0\repository\com\sun\jersey\jersey-core\1.19.1\jersey-core-1.19.1.jar;D:\Program\apache-maven-3.6.0\repository\javax\ws\rs\jsr311-api\1.1.1\jsr311-api-1.1.1.jar;D:\Program\apache-maven-3.6.0\repository\com\sun\jersey\contribs\jersey-apache-client4\1.19.1\jersey-apache-client4-1.19.1.jar;D:\Program\apache-maven-3.6.0\repository\com\netflix\servo\servo-core\0.10.1\servo-core-0.10.1.jar;D:\Program\apache-maven-3.6.0\repository\com\netflix\servo\servo-internal\0.10.1\servo-internal-0.10.1.jar;D:\Program\apache-maven-3.6.0\repository\com\netflix\netflix-commons\netflix-commons-util\0.1.1\netflix-commons-util-0.1.1.jar;D:\Program\apache-maven-3.6.0\repository\com\netflix\ribbon\ribbon-loadbalancer\2.3.0\ribbon-loadbalancer-2.3.0.jar;D:\Program\apache-maven-3.6.0\repository\com\netflix\netflix-commons\netflix-statistics\0.1.1\netflix-statistics-0.1.1.jar;D:\Program\apache-maven-3.6.0\repository\io\reactivex\rxjava\1.3.8\rxjava-1.3.8.jar;D:\Program\apache-maven-3.6.0\repository\org\springframework\boot\spring-boot-starter-test\2.2.10.BUILD-SNAPSHOT\spring-boot-starter-test-2.2.10.BUILD-SNAPSHOT.jar;D:\Program\apache-maven-3.6.0\repository\org\springframework\boot\spring-boot-test\2.2.10.BUILD-SNAPSHOT\spring-boot-test-2.2.10.BUILD-SNAPSHOT.jar;D:\Program\apache-maven-3.6.0\repository\org\springframework\boot\spring-boot-test-autoconfigure\2.2.10.BUILD-SNAPSHOT\spring-boot-test-autoconfigure-2.2.10.BUILD-SNAPSHOT.jar;D:\Program\apache-maven-3.6.0\repository\com\jayway\jsonpath\json-path\2.4.0\json-path-2.4.0.jar;D:\Program\apache-maven-3.6.0\repository\net\minidev\json-smart\2.3\json-smart-2.3.jar;D:\Program\apache-maven-3.6.0\repository\net\minidev\accessors-smart\1.2\accessors-smart-1.2.jar;D:\Program\apache-maven-3.6.0\repository\org\ow2\asm\asm\5.0.4\asm-5.0.4.jar;D:\Program\apache-maven-3.6.0\repository\org\slf4j\slf4j-api\1.7.30\slf4j-api-1.7.30.jar;D:\Program\apache-maven-3.6.0\repository\jakarta\xml\bind\jakarta.xml.bind-api\2.3.3\jakarta.xml.bind-api-2.3.3.jar;D:\Program\apache-maven-3.6.0\repository\jakarta\activation\jakarta.activation-api\1.2.2\jakarta.activation-api-1.2.2.jar;D:\Program\apache-maven-3.6.0\repository\org\junit\jupiter\junit-jupiter\5.5.2\junit-jupiter-5.5.2.jar;D:\Program\apache-maven-3.6.0\repository\org\junit\jupiter\junit-jupiter-api\5.5.2\junit-jupiter-api-5.5.2.jar;D:\Program\apache-maven-3.6.0\repository\org\apiguardian\apiguardian-api\1.1.0\apiguardian-api-1.1.0.jar;D:\Program\apache-maven-3.6.0\repository\org\opentest4j\opentest4j\1.2.0\opentest4j-1.2.0.jar;D:\Program\apache-maven-3.6.0\repository\org\junit\platform\junit-platform-commons\1.5.2\junit-platform-commons-1.5.2.jar;D:\Program\apache-maven-3.6.0\repository\org\junit\jupiter\junit-jupiter-params\5.5.2\junit-jupiter-params-5.5.2.jar;D:\Program\apache-maven-3.6.0\repository\org\junit\jupiter\junit-jupiter-engine\5.5.2\junit-jupiter-engine-5.5.2.jar;D:\Program\apache-maven-3.6.0\repository\org\junit\platform\junit-platform-engine\1.5.2\junit-platform-engine-1.5.2.jar;D:\Program\apache-maven-3.6.0\repository\org\mockito\mockito-junit-jupiter\3.1.0\mockito-junit-jupiter-3.1.0.jar;D:\Program\apache-maven-3.6.0\repository\org\assertj\assertj-core\3.13.2\assertj-core-3.13.2.jar;D:\Program\apache-maven-3.6.0\repository\org\hamcrest\hamcrest\2.1\hamcrest-2.1.jar;D:\Program\apache-maven-3.6.0\repository\org\mockito\mockito-core\3.1.0\mockito-core-3.1.0.jar;D:\Program\apache-maven-3.6.0\repository\net\bytebuddy\byte-buddy\1.10.13\byte-buddy-1.10.13.jar;D:\Program\apache-maven-3.6.0\repository\net\bytebuddy\byte-buddy-agent\1.10.13\byte-buddy-agent-1.10.13.jar;D:\Program\apache-maven-3.6.0\repository\org\objenesis\objenesis\2.6\objenesis-2.6.jar;D:\Program\apache-maven-3.6.0\repository\org\skyscreamer\jsonassert\1.5.0\jsonassert-1.5.0.jar;D:\Program\apache-maven-3.6.0\repository\com\vaadin\external\google\android-json\0.0.20131108.vaadin1\android-json-0.0.20131108.vaadin1.jar;D:\Program\apache-maven-3.6.0\repository\org\springframework\spring-core\5.2.8.RELEASE\spring-core-5.2.8.RELEASE.jar;D:\Program\apache-maven-3.6.0\repository\org\springframework\spring-jcl\5.2.8.RELEASE\spring-jcl-5.2.8.RELEASE.jar;D:\Program\apache-maven-3.6.0\repository\org\springframework\spring-test\5.2.8.RELEASE\spring-test-5.2.8.RELEASE.jar;D:\Program\apache-maven-3.6.0\repository\org\xmlunit\xmlunit-core\2.6.4\xmlunit-core-2.6.4.jar;"/>
    <property name="java.vm.vendor" value="Oracle Corporation"/>
    <property name="sun.arch.data.model" value="64"/>
    <property name="user.variant" value=""/>
    <property name="java.vendor.url" value="http://java.oracle.com/"/>
    <property name="user.timezone" value="Asia/Shanghai"/>
    <property name="java.vm.specification.version" value="1.8"/>
    <property name="os.name" value="Windows 10"/>
    <property name="user.country" value="CN"/>
    <property name="sun.java.launcher" value="SUN_STANDARD"/>
    <property name="sun.boot.library.path" value="D:\Program\Java\jdk1.8.0_261\jre\bin"/>
    <property name="sun.java.command" value="C:\Users\zh\AppData\Local\Temp\surefire4372947116521459965\surefirebooter2174243499880325179.jar C:\Users\zh\AppData\Local\Temp\surefire4372947116521459965 2020-08-14T23-10-29_856-jvmRun1 surefire5989692138009455763tmp surefire_07816962238230649491tmp"/>
    <property name="surefire.test.class.path" value="E:\IdeaProjects\springcloud-nacos\nacos-provider\target\test-classes;E:\IdeaProjects\springcloud-nacos\nacos-provider\target\classes;D:\Program\apache-maven-3.6.0\repository\org\springframework\boot\spring-boot-starter-web\2.2.10.BUILD-SNAPSHOT\spring-boot-starter-web-2.2.10.BUILD-SNAPSHOT.jar;D:\Program\apache-maven-3.6.0\repository\org\springframework\boot\spring-boot-starter\2.2.10.BUILD-SNAPSHOT\spring-boot-starter-2.2.10.BUILD-SNAPSHOT.jar;D:\Program\apache-maven-3.6.0\repository\org\springframework\boot\spring-boot\2.2.10.BUILD-SNAPSHOT\spring-boot-2.2.10.BUILD-SNAPSHOT.jar;D:\Program\apache-maven-3.6.0\repository\org\springframework\boot\spring-boot-autoconfigure\2.2.10.BUILD-SNAPSHOT\spring-boot-autoconfigure-2.2.10.BUILD-SNAPSHOT.jar;D:\Program\apache-maven-3.6.0\repository\org\springframework\boot\spring-boot-starter-logging\2.2.10.BUILD-SNAPSHOT\spring-boot-starter-logging-2.2.10.BUILD-SNAPSHOT.jar;D:\Program\apache-maven-3.6.0\repository\ch\qos\logback\logback-classic\1.2.3\logback-classic-1.2.3.jar;D:\Program\apache-maven-3.6.0\repository\ch\qos\logback\logback-core\1.2.3\logback-core-1.2.3.jar;D:\Program\apache-maven-3.6.0\repository\org\apache\logging\log4j\log4j-to-slf4j\2.12.1\log4j-to-slf4j-2.12.1.jar;D:\Program\apache-maven-3.6.0\repository\org\apache\logging\log4j\log4j-api\2.12.1\log4j-api-2.12.1.jar;D:\Program\apache-maven-3.6.0\repository\org\slf4j\jul-to-slf4j\1.7.30\jul-to-slf4j-1.7.30.jar;D:\Program\apache-maven-3.6.0\repository\jakarta\annotation\jakarta.annotation-api\1.3.5\jakarta.annotation-api-1.3.5.jar;D:\Program\apache-maven-3.6.0\repository\org\yaml\snakeyaml\1.25\snakeyaml-1.25.jar;D:\Program\apache-maven-3.6.0\repository\org\springframework\boot\spring-boot-starter-json\2.2.10.BUILD-SNAPSHOT\spring-boot-starter-json-2.2.10.BUILD-SNAPSHOT.jar;D:\Program\apache-maven-3.6.0\repository\com\fasterxml\jackson\core\jackson-databind\2.10.5\jackson-databind-2.10.5.jar;D:\Program\apache-maven-3.6.0\repository\com\fasterxml\jackson\core\jackson-annotations\2.10.5\jackson-annotations-2.10.5.jar;D:\Program\apache-maven-3.6.0\repository\com\fasterxml\jackson\datatype\jackson-datatype-jdk8\2.10.5\jackson-datatype-jdk8-2.10.5.jar;D:\Program\apache-maven-3.6.0\repository\com\fasterxml\jackson\datatype\jackson-datatype-jsr310\2.10.5\jackson-datatype-jsr310-2.10.5.jar;D:\Program\apache-maven-3.6.0\repository\com\fasterxml\jackson\module\jackson-module-parameter-names\2.10.5\jackson-module-parameter-names-2.10.5.jar;D:\Program\apache-maven-3.6.0\repository\org\springframework\boot\spring-boot-starter-tomcat\2.2.10.BUILD-SNAPSHOT\spring-boot-starter-tomcat-2.2.10.BUILD-SNAPSHOT.jar;D:\Program\apache-maven-3.6.0\repository\org\apache\tomcat\embed\tomcat-embed-core\9.0.37\tomcat-embed-core-9.0.37.jar;D:\Program\apache-maven-3.6.0\repository\org\apache\tomcat\embed\tomcat-embed-el\9.0.37\tomcat-embed-el-9.0.37.jar;D:\Program\apache-maven-3.6.0\repository\org\apache\tomcat\embed\tomcat-embed-websocket\9.0.37\tomcat-embed-websocket-9.0.37.jar;D:\Program\apache-maven-3.6.0\repository\org\springframework\boot\spring-boot-starter-validation\2.2.10.BUILD-SNAPSHOT\spring-boot-starter-validation-2.2.10.BUILD-SNAPSHOT.jar;D:\Program\apache-maven-3.6.0\repository\jakarta\validation\jakarta.validation-api\2.0.2\jakarta.validation-api-2.0.2.jar;D:\Program\apache-maven-3.6.0\repository\org\hibernate\validator\hibernate-validator\6.0.20.Final\hibernate-validator-6.0.20.Final.jar;D:\Program\apache-maven-3.6.0\repository\org\jboss\logging\jboss-logging\3.4.1.Final\jboss-logging-3.4.1.Final.jar;D:\Program\apache-maven-3.6.0\repository\com\fasterxml\classmate\1.5.1\classmate-1.5.1.jar;D:\Program\apache-maven-3.6.0\repository\org\springframework\spring-web\5.2.8.RELEASE\spring-web-5.2.8.RELEASE.jar;D:\Program\apache-maven-3.6.0\repository\org\springframework\spring-beans\5.2.8.RELEASE\spring-beans-5.2.8.RELEASE.jar;D:\Program\apache-maven-3.6.0\repository\org\springframework\spring-webmvc\5.2.8.RELEASE\spring-webmvc-5.2.8.RELEASE.jar;D:\Program\apache-maven-3.6.0\repository\org\springframework\spring-aop\5.2.8.RELEASE\spring-aop-5.2.8.RELEASE.jar;D:\Program\apache-maven-3.6.0\repository\org\springframework\spring-context\5.2.8.RELEASE\spring-context-5.2.8.RELEASE.jar;D:\Program\apache-maven-3.6.0\repository\org\springframework\spring-expression\5.2.8.RELEASE\spring-expression-5.2.8.RELEASE.jar;D:\Program\apache-maven-3.6.0\repository\com\alibaba\cloud\spring-cloud-starter-alibaba-nacos-discovery\2.2.1.RELEASE\spring-cloud-starter-alibaba-nacos-discovery-2.2.1.RELEASE.jar;D:\Program\apache-maven-3.6.0\repository\com\alibaba\nacos\nacos-client\1.2.1\nacos-client-1.2.1.jar;D:\Program\apache-maven-3.6.0\repository\com\alibaba\nacos\nacos-common\1.2.1\nacos-common-1.2.1.jar;D:\Program\apache-maven-3.6.0\repository\commons-io\commons-io\2.2\commons-io-2.2.jar;D:\Program\apache-maven-3.6.0\repository\org\apache\commons\commons-lang3\3.9\commons-lang3-3.9.jar;D:\Program\apache-maven-3.6.0\repository\com\alibaba\nacos\nacos-api\1.2.1\nacos-api-1.2.1.jar;D:\Program\apache-maven-3.6.0\repository\com\alibaba\fastjson\1.2.58\fastjson-1.2.58.jar;D:\Program\apache-maven-3.6.0\repository\com\google\guava\guava\22.0\guava-22.0.jar;D:\Program\apache-maven-3.6.0\repository\com\google\code\findbugs\jsr305\1.3.9\jsr305-1.3.9.jar;D:\Program\apache-maven-3.6.0\repository\com\google\errorprone\error_prone_annotations\2.0.18\error_prone_annotations-2.0.18.jar;D:\Program\apache-maven-3.6.0\repository\com\google\j2objc\j2objc-annotations\1.1\j2objc-annotations-1.1.jar;D:\Program\apache-maven-3.6.0\repository\org\codehaus\mojo\animal-sniffer-annotations\1.14\animal-sniffer-annotations-1.14.jar;D:\Program\apache-maven-3.6.0\repository\commons-codec\commons-codec\1.13\commons-codec-1.13.jar;D:\Program\apache-maven-3.6.0\repository\com\fasterxml\jackson\core\jackson-core\2.10.5\jackson-core-2.10.5.jar;D:\Program\apache-maven-3.6.0\repository\io\prometheus\simpleclient\0.5.0\simpleclient-0.5.0.jar;D:\Program\apache-maven-3.6.0\repository\com\alibaba\spring\spring-context-support\1.0.6\spring-context-support-1.0.6.jar;D:\Program\apache-maven-3.6.0\repository\org\springframework\cloud\spring-cloud-commons\2.2.2.RELEASE\spring-cloud-commons-2.2.2.RELEASE.jar;D:\Program\apache-maven-3.6.0\repository\org\springframework\security\spring-security-crypto\5.2.5.RELEASE\spring-security-crypto-5.2.5.RELEASE.jar;D:\Program\apache-maven-3.6.0\repository\org\springframework\cloud\spring-cloud-context\2.2.2.RELEASE\spring-cloud-context-2.2.2.RELEASE.jar;D:\Program\apache-maven-3.6.0\repository\org\springframework\cloud\spring-cloud-starter-netflix-ribbon\2.2.2.RELEASE\spring-cloud-starter-netflix-ribbon-2.2.2.RELEASE.jar;D:\Program\apache-maven-3.6.0\repository\org\springframework\cloud\spring-cloud-starter\2.2.2.RELEASE\spring-cloud-starter-2.2.2.RELEASE.jar;D:\Program\apache-maven-3.6.0\repository\org\springframework\security\spring-security-rsa\1.0.9.RELEASE\spring-security-rsa-1.0.9.RELEASE.jar;D:\Program\apache-maven-3.6.0\repository\org\bouncycastle\bcpkix-jdk15on\1.64\bcpkix-jdk15on-1.64.jar;D:\Program\apache-maven-3.6.0\repository\org\bouncycastle\bcprov-jdk15on\1.64\bcprov-jdk15on-1.64.jar;D:\Program\apache-maven-3.6.0\repository\org\springframework\cloud\spring-cloud-netflix-ribbon\2.2.2.RELEASE\spring-cloud-netflix-ribbon-2.2.2.RELEASE.jar;D:\Program\apache-maven-3.6.0\repository\org\springframework\cloud\spring-cloud-netflix-archaius\2.2.2.RELEASE\spring-cloud-netflix-archaius-2.2.2.RELEASE.jar;D:\Program\apache-maven-3.6.0\repository\org\springframework\cloud\spring-cloud-starter-netflix-archaius\2.2.2.RELEASE\spring-cloud-starter-netflix-archaius-2.2.2.RELEASE.jar;D:\Program\apache-maven-3.6.0\repository\com\netflix\archaius\archaius-core\0.7.6\archaius-core-0.7.6.jar;D:\Program\apache-maven-3.6.0\repository\commons-configuration\commons-configuration\1.8\commons-configuration-1.8.jar;D:\Program\apache-maven-3.6.0\repository\com\netflix\ribbon\ribbon\2.3.0\ribbon-2.3.0.jar;D:\Program\apache-maven-3.6.0\repository\com\netflix\ribbon\ribbon-transport\2.3.0\ribbon-transport-2.3.0.jar;D:\Program\apache-maven-3.6.0\repository\io\reactivex\rxnetty-contexts\0.4.9\rxnetty-contexts-0.4.9.jar;D:\Program\apache-maven-3.6.0\repository\io\reactivex\rxnetty-servo\0.4.9\rxnetty-servo-0.4.9.jar;D:\Program\apache-maven-3.6.0\repository\com\netflix\hystrix\hystrix-core\1.4.3\hystrix-core-1.4.3.jar;D:\Program\apache-maven-3.6.0\repository\javax\inject\javax.inject\1\javax.inject-1.jar;D:\Program\apache-maven-3.6.0\repository\io\reactivex\rxnetty\0.4.9\rxnetty-0.4.9.jar;D:\Program\apache-maven-3.6.0\repository\com\netflix\ribbon\ribbon-core\2.3.0\ribbon-core-2.3.0.jar;D:\Program\apache-maven-3.6.0\repository\commons-lang\commons-lang\2.6\commons-lang-2.6.jar;D:\Program\apache-maven-3.6.0\repository\com\netflix\ribbon\ribbon-httpclient\2.3.0\ribbon-httpclient-2.3.0.jar;D:\Program\apache-maven-3.6.0\repository\commons-collections\commons-collections\3.2.2\commons-collections-3.2.2.jar;D:\Program\apache-maven-3.6.0\repository\org\apache\httpcomponents\httpclient\4.5.12\httpclient-4.5.12.jar;D:\Program\apache-maven-3.6.0\repository\org\apache\httpcomponents\httpcore\4.4.13\httpcore-4.4.13.jar;D:\Program\apache-maven-3.6.0\repository\com\sun\jersey\jersey-client\1.19.1\jersey-client-1.19.1.jar;D:\Program\apache-maven-3.6.0\repository\com\sun\jersey\jersey-core\1.19.1\jersey-core-1.19.1.jar;D:\Program\apache-maven-3.6.0\repository\javax\ws\rs\jsr311-api\1.1.1\jsr311-api-1.1.1.jar;D:\Program\apache-maven-3.6.0\repository\com\sun\jersey\contribs\jersey-apache-client4\1.19.1\jersey-apache-client4-1.19.1.jar;D:\Program\apache-maven-3.6.0\repository\com\netflix\servo\servo-core\0.10.1\servo-core-0.10.1.jar;D:\Program\apache-maven-3.6.0\repository\com\netflix\servo\servo-internal\0.10.1\servo-internal-0.10.1.jar;D:\Program\apache-maven-3.6.0\repository\com\netflix\netflix-commons\netflix-commons-util\0.1.1\netflix-commons-util-0.1.1.jar;D:\Program\apache-maven-3.6.0\repository\com\netflix\ribbon\ribbon-loadbalancer\2.3.0\ribbon-loadbalancer-2.3.0.jar;D:\Program\apache-maven-3.6.0\repository\com\netflix\netflix-commons\netflix-statistics\0.1.1\netflix-statistics-0.1.1.jar;D:\Program\apache-maven-3.6.0\repository\io\reactivex\rxjava\1.3.8\rxjava-1.3.8.jar;D:\Program\apache-maven-3.6.0\repository\org\springframework\boot\spring-boot-starter-test\2.2.10.BUILD-SNAPSHOT\spring-boot-starter-test-2.2.10.BUILD-SNAPSHOT.jar;D:\Program\apache-maven-3.6.0\repository\org\springframework\boot\spring-boot-test\2.2.10.BUILD-SNAPSHOT\spring-boot-test-2.2.10.BUILD-SNAPSHOT.jar;D:\Program\apache-maven-3.6.0\repository\org\springframework\boot\spring-boot-test-autoconfigure\2.2.10.BUILD-SNAPSHOT\spring-boot-test-autoconfigure-2.2.10.BUILD-SNAPSHOT.jar;D:\Program\apache-maven-3.6.0\repository\com\jayway\jsonpath\json-path\2.4.0\json-path-2.4.0.jar;D:\Program\apache-maven-3.6.0\repository\net\minidev\json-smart\2.3\json-smart-2.3.jar;D:\Program\apache-maven-3.6.0\repository\net\minidev\accessors-smart\1.2\accessors-smart-1.2.jar;D:\Program\apache-maven-3.6.0\repository\org\ow2\asm\asm\5.0.4\asm-5.0.4.jar;D:\Program\apache-maven-3.6.0\repository\org\slf4j\slf4j-api\1.7.30\slf4j-api-1.7.30.jar;D:\Program\apache-maven-3.6.0\repository\jakarta\xml\bind\jakarta.xml.bind-api\2.3.3\jakarta.xml.bind-api-2.3.3.jar;D:\Program\apache-maven-3.6.0\repository\jakarta\activation\jakarta.activation-api\1.2.2\jakarta.activation-api-1.2.2.jar;D:\Program\apache-maven-3.6.0\repository\org\junit\jupiter\junit-jupiter\5.5.2\junit-jupiter-5.5.2.jar;D:\Program\apache-maven-3.6.0\repository\org\junit\jupiter\junit-jupiter-api\5.5.2\junit-jupiter-api-5.5.2.jar;D:\Program\apache-maven-3.6.0\repository\org\apiguardian\apiguardian-api\1.1.0\apiguardian-api-1.1.0.jar;D:\Program\apache-maven-3.6.0\repository\org\opentest4j\opentest4j\1.2.0\opentest4j-1.2.0.jar;D:\Program\apache-maven-3.6.0\repository\org\junit\platform\junit-platform-commons\1.5.2\junit-platform-commons-1.5.2.jar;D:\Program\apache-maven-3.6.0\repository\org\junit\jupiter\junit-jupiter-params\5.5.2\junit-jupiter-params-5.5.2.jar;D:\Program\apache-maven-3.6.0\repository\org\junit\jupiter\junit-jupiter-engine\5.5.2\junit-jupiter-engine-5.5.2.jar;D:\Program\apache-maven-3.6.0\repository\org\junit\platform\junit-platform-engine\1.5.2\junit-platform-engine-1.5.2.jar;D:\Program\apache-maven-3.6.0\repository\org\mockito\mockito-junit-jupiter\3.1.0\mockito-junit-jupiter-3.1.0.jar;D:\Program\apache-maven-3.6.0\repository\org\assertj\assertj-core\3.13.2\assertj-core-3.13.2.jar;D:\Program\apache-maven-3.6.0\repository\org\hamcrest\hamcrest\2.1\hamcrest-2.1.jar;D:\Program\apache-maven-3.6.0\repository\org\mockito\mockito-core\3.1.0\mockito-core-3.1.0.jar;D:\Program\apache-maven-3.6.0\repository\net\bytebuddy\byte-buddy\1.10.13\byte-buddy-1.10.13.jar;D:\Program\apache-maven-3.6.0\repository\net\bytebuddy\byte-buddy-agent\1.10.13\byte-buddy-agent-1.10.13.jar;D:\Program\apache-maven-3.6.0\repository\org\objenesis\objenesis\2.6\objenesis-2.6.jar;D:\Program\apache-maven-3.6.0\repository\org\skyscreamer\jsonassert\1.5.0\jsonassert-1.5.0.jar;D:\Program\apache-maven-3.6.0\repository\com\vaadin\external\google\android-json\0.0.20131108.vaadin1\android-json-0.0.20131108.vaadin1.jar;D:\Program\apache-maven-3.6.0\repository\org\springframework\spring-core\5.2.8.RELEASE\spring-core-5.2.8.RELEASE.jar;D:\Program\apache-maven-3.6.0\repository\org\springframework\spring-jcl\5.2.8.RELEASE\spring-jcl-5.2.8.RELEASE.jar;D:\Program\apache-maven-3.6.0\repository\org\springframework\spring-test\5.2.8.RELEASE\spring-test-5.2.8.RELEASE.jar;D:\Program\apache-maven-3.6.0\repository\org\xmlunit\xmlunit-core\2.6.4\xmlunit-core-2.6.4.jar;"/>
    <property name="sun.cpu.endian" value="little"/>
    <property name="user.home" value="C:\Users\zh"/>
    <property name="user.language" value="zh"/>
    <property name="java.specification.vendor" value="Oracle Corporation"/>
    <property name="java.home" value="D:\Program\Java\jdk1.8.0_261\jre"/>
    <property name="basedir" value="E:\IdeaProjects\springcloud-nacos\nacos-provider"/>
    <property name="file.separator" value="\"/>
    <property name="line.separator" value="&#10;"/>
    <property name="java.vm.specification.vendor" value="Oracle Corporation"/>
    <property name="java.specification.name" value="Java Platform API Specification"/>
    <property name="java.awt.graphicsenv" value="sun.awt.Win32GraphicsEnvironment"/>
    <property name="surefire.real.class.path" value="C:\Users\zh\AppData\Local\Temp\surefire4372947116521459965\surefirebooter2174243499880325179.jar"/>
    <property name="sun.boot.class.path" value="D:\Program\Java\jdk1.8.0_261\jre\lib\resources.jar;D:\Program\Java\jdk1.8.0_261\jre\lib\rt.jar;D:\Program\Java\jdk1.8.0_261\jre\lib\sunrsasign.jar;D:\Program\Java\jdk1.8.0_261\jre\lib\jsse.jar;D:\Program\Java\jdk1.8.0_261\jre\lib\jce.jar;D:\Program\Java\jdk1.8.0_261\jre\lib\charsets.jar;D:\Program\Java\jdk1.8.0_261\jre\lib\jfr.jar;D:\Program\Java\jdk1.8.0_261\jre\classes"/>
    <property name="user.script" value=""/>
    <property name="sun.management.compiler" value="HotSpot 64-Bit Tiered Compilers"/>
    <property name="java.runtime.version" value="1.8.0_261-b12"/>
    <property name="user.name" value="zh"/>
    <property name="path.separator" value=";"/>
    <property name="os.version" value="10.0"/>
    <property name="java.endorsed.dirs" value="D:\Program\Java\jdk1.8.0_261\jre\lib\endorsed"/>
    <property name="java.runtime.name" value="Java(TM) SE Runtime Environment"/>
    <property name="file.encoding" value="GBK"/>
    <property name="java.vm.name" value="Java HotSpot(TM) 64-Bit Server VM"/>
    <property name="localRepository" value="D:\Program\apache-maven-3.6.0\repository"/>
    <property name="java.vendor.url.bug" value="http://bugreport.sun.com/bugreport/"/>
    <property name="java.io.tmpdir" value="C:\Users\zh\AppData\Local\Temp\"/>
    <property name="java.version" value="1.8.0_261"/>
    <property name="user.dir" value="E:\IdeaProjects\springcloud-nacos\nacos-provider"/>
    <property name="os.arch" value="amd64"/>
    <property name="java.vm.specification.name" value="Java Virtual Machine Specification"/>
    <property name="java.awt.printerjob" value="sun.awt.windows.WPrinterJob"/>
    <property name="idea.version2019.3.1" value="true"/>
    <property name="sun.os.patch.level" value=""/>
    <property name="java.library.path" value="D:\Program\Java\jdk1.8.0_261\jre\bin;C:\WINDOWS\Sun\Java\bin;C:\WINDOWS\system32;C:\WINDOWS;C:\Program Files (x86)\Common Files\Oracle\Java\javapath;C:\WINDOWS\system32;C:\WINDOWS;C:\WINDOWS\System32\Wbem;C:\WINDOWS\System32\WindowsPowerShell\v1.0\;C:\WINDOWS\System32\OpenSSH\;D:\Program\nodejs\;D:\Program\Git\cmd;C:\Program Files (x86)\NVIDIA Corporation\PhysX\Common;C:\WINDOWS\system32;C:\WINDOWS;C:\WINDOWS\System32\Wbem;C:\WINDOWS\System32\WindowsPowerShell\v1.0\;C:\WINDOWS\System32\OpenSSH\;C:\Program Files\Docker\Docker\resources\bin;C:\ProgramData\DockerDesktop\version-bin;D:\Program\Java\jdk-13.0.2\bin;C:\Users\zh\AppData\Local\Microsoft\WindowsApps;C:\Users\zh\AppData\Roaming\npm;D:\Program\Fiddler;C:\Users\zh\AppData\Local\Microsoft\WindowsApps;;D:\Software\搜狐影音\6.3.2.0;."/>
    <property name="java.vm.info" value="mixed mode"/>
    <property name="java.vendor" value="Oracle Corporation"/>
    <property name="java.vm.version" value="25.261-b12"/>
    <property name="java.ext.dirs" value="D:\Program\Java\jdk1.8.0_261\jre\lib\ext;C:\WINDOWS\Sun\Java\lib\ext"/>
    <property name="sun.io.unicode.encoding" value="UnicodeLittle"/>
    <property name="java.class.version" value="52.0"/>
  </properties>
  <testcase name="contextLoads" classname="com.syoki.nacosprovider.NacosProviderApplicationTests" time="0.219"/>
</testsuite>